<?xml version="1.0" encoding="UTF-8"?>
<!-- Generated by org.testng.reporters.JUnitReportReporter -->
<testsuite hostname="QSP" failures="0" tests="1" name="scripts.Test0" time="0.002" errors="0" timestamp="2022-08-06T17:47:29 IST" skipped="0">
  <testcase classname="scripts.Test0" name="tc1" time="0.002"/>
  <system-out>
hello java  </system-out>
</testsuite> <!-- scripts.Test0 -->
